proguard-project.txt
# To enable ProGuard in your project, edit project.properties
# to define the proguard.config property as described in that file.
#
# Add project specific ProGuard rules here.
# By default, the flags in this file are appended to flags specified
# in ${sdk.dir}/tools/proguard/proguard-android.txt
# You can edit the include path and order by changing the ProGuard
# include property in project.properties.
#
# For more details, see
#   http://developer.android.com/guide/developing/tools/proguard.html

# Add any project specific keep options here:

# If your project uses WebView with JS, uncomment the following
# and specify the fully qualified class name to the JavaScript interface
# class:
#-keepclassmembers class fqcn.of.javascript.interface.for.webview {
#   public *;
#}

######## Android ########
#-keep public class * extends android.app.Fragment
#-keep public class * extends android.app.Activity
#-keep public class * extends android.app.Application
#-keep public class * extends android.app.Service
#-keep public class * extends android.content.BroadcastReceiver
#-keep public class * extends android.content.ContentProvider
#-keep public class * extends android.app.backup.BackupAgentHelper
#-keep public class * extends android.preference.Preference
#-keep public class * extends android.support.v4.**
#-keep public class com.android.vending.licensing.ILicensingService

######## Volley ########
-keep class com.android.volley.** {*;}
-keep class com.android.volley.toolbox.** {*;}
-keep class com.android.volley.Response$* { *; }
-keep class com.android.volley.Request$* { *; }
-keep class com.android.volley.RequestQueue$* { *; }
-keep class com.android.volley.toolbox.HurlStack$* { *; }
-keep class com.android.volley.toolbox.ImageLoader$* { *; }

######## Gson ########
-keep class sun.misc.Unsafe { *; }
-keep class com.google.gson.stream.** { *; }
-keep class com.google.gson.examples.android.model.** { *; }
-keep class com.google.gson.** { *;}

######## ButterKnife ########
-keep class butterknife.** { *; }
-dontwarn butterknife.internal.**
-keep class **$$ViewBinder { *; }
-keepclasseswithmembernames class * {
    @butterknife.* <fields>;
}
-keepclasseswithmembernames class * {
    @butterknife.* <methods>;
}

######## Umeng ########
-keepclassmembers class * {
   public <init>(org.json.JSONObject);
}
-keep public class **.R$*{
    public static final int *;
}
-keepclassmembers enum * {
    public static **[] values();
    public static ** valueOf(java.lang.String);
}

-keep public class * extends com.ihongqiqu.Identify.entity.BaseEntity { *; }