proguard_logs/seeds.txt
com.ihongqiqu.Identify.R$anim
com.ihongqiqu.Identify.R$anim: int abc_fade_in
com.ihongqiqu.Identify.R$anim: int abc_fade_out
com.ihongqiqu.Identify.R$anim: int abc_grow_fade_in_from_bottom
com.ihongqiqu.Identify.R$anim: int abc_popup_enter
com.ihongqiqu.Identify.R$anim: int abc_popup_exit
com.ihongqiqu.Identify.R$anim: int abc_shrink_fade_out_from_bottom
com.ihongqiqu.Identify.R$anim: int abc_slide_in_bottom
com.ihongqiqu.Identify.R$anim: int abc_slide_in_top
com.ihongqiqu.Identify.R$anim: int abc_slide_out_bottom
com.ihongqiqu.Identify.R$anim: int abc_slide_out_top
com.ihongqiqu.Identify.R$anim: int sliding_in_right
com.ihongqiqu.Identify.R$anim: int sliding_out_right
com.ihongqiqu.Identify.R$attr
com.ihongqiqu.Identify.R$attr: int actionBarDivider
com.ihongqiqu.Identify.R$attr: int actionBarItemBackground
com.ihongqiqu.Identify.R$attr: int actionBarPopupTheme
com.ihongqiqu.Identify.R$attr: int actionBarSize
com.ihongqiqu.Identify.R$attr: int actionBarSplitStyle
com.ihongqiqu.Identify.R$attr: int actionBarStyle
com.ihongqiqu.Identify.R$attr: int actionBarTabBarStyle
com.ihongqiqu.Identify.R$attr: int actionBarTabStyle
com.ihongqiqu.Identify.R$attr: int actionBarTabTextStyle
com.ihongqiqu.Identify.R$attr: int actionBarTheme
com.ihongqiqu.Identify.R$attr: int actionBarWidgetTheme
com.ihongqiqu.Identify.R$attr: int actionButtonStyle
com.ihongqiqu.Identify.R$attr: int actionDropDownStyle
com.ihongqiqu.Identify.R$attr: int actionLayout
com.ihongqiqu.Identify.R$attr: int actionMenuTextAppearance
com.ihongqiqu.Identify.R$attr: int actionMenuTextColor
com.ihongqiqu.Identify.R$attr: int actionModeBackground
com.ihongqiqu.Identify.R$attr: int actionModeCloseButtonStyle
com.ihongqiqu.Identify.R$attr: int actionModeCloseDrawable
com.ihongqiqu.Identify.R$attr: int actionModeCopyDrawable
com.ihongqiqu.Identify.R$attr: int actionModeCutDrawable
com.ihongqiqu.Identify.R$attr: int actionModeFindDrawable
com.ihongqiqu.Identify.R$attr: int actionModePasteDrawable
com.ihongqiqu.Identify.R$attr: int actionModePopupWindowStyle
com.ihongqiqu.Identify.R$attr: int actionModeSelectAllDrawable
com.ihongqiqu.Identify.R$attr: int actionModeShareDrawable
com.ihongqiqu.Identify.R$bool
com.ihongqiqu.Identify.R$bool: int abc_action_bar_embed_tabs
com.ihongqiqu.Identify.R$bool: int abc_action_bar_embed_tabs_pre_jb
com.ihongqiqu.Identify.R$bool: int abc_action_bar_expanded_action_views_exclusive
com.ihongqiqu.Identify.R$bool: int abc_config_actionMenuItemAllCaps
com.ihongqiqu.Identify.R$bool: int abc_config_allowActionMenuItemTextWithIcon
com.ihongqiqu.Identify.R$bool: int abc_config_closeDialogWhenTouchOutside
com.ihongqiqu.Identify.R$bool: int abc_config_showMenuShortcutsWhenKeyboardPresent
...
android.support.v7.internal.view.menu.ActionMenuItemView
android.support.v7.internal.view.menu.ActionMenuItemView: ActionMenuItemView(android.content.Context)
android.support.v7.internal.view.menu.ActionMenuItemView: ActionMenuItemView(android.content.Context,android.util.AttributeSet)
android.support.v7.internal.view.menu.ActionMenuItemView: ActionMenuItemView(android.content.Context,android.util.AttributeSet,int)
android.support.v7.internal.view.menu.ActionMenuItemView: android.support.v7.internal.view.menu.MenuItemImpl getItemData()
android.support.v7.internal.view.menu.ActionMenuItemView: void onClick(android.view.View)
android.support.v7.internal.view.menu.ActionMenuItemView: void setItemInvoker(android.support.v7.internal.view.menu.MenuBuilder$ItemInvoker)
android.support.v7.internal.view.menu.ActionMenuItemView: void setPopupCallback(android.support.v7.internal.view.menu.ActionMenuItemView$PopupCallback)
android.support.v7.internal.view.menu.ActionMenuItemView: void setCheckable(boolean)
android.support.v7.internal.view.menu.ActionMenuItemView: void setChecked(boolean)
android.support.v7.internal.view.menu.ActionMenuItemView: void setExpandedFormat(boolean)
android.support.v7.internal.view.menu.ActionMenuItemView: void setIcon(android.graphics.drawable.Drawable)
android.support.v7.internal.view.menu.ActionMenuItemView: void setTitle(java.lang.CharSequence)
android.support.v7.internal.view.menu.ExpandedMenuView
android.support.v7.internal.view.menu.ExpandedMenuView: ExpandedMenuView(android.content.Context,android.util.AttributeSet)
android.support.v7.internal.view.menu.ExpandedMenuView: ExpandedMenuView(android.content.Context,android.util.AttributeSet,int)
android.support.v7.internal.view.menu.ExpandedMenuView: int getWindowAnimations()
android.support.v7.internal.view.menu.ListMenuItemView
android.support.v7.internal.view.menu.ListMenuItemView: ListMenuItemView(android.content.Context,android.util.AttributeSet,int)
android.support.v7.internal.view.menu.ListMenuItemView: ListMenuItemView(android.content.Context,android.util.AttributeSet)
android.support.v7.internal.view.menu.ListMenuItemView: void setForceShowIcon(boolean)
android.support.v7.internal.view.menu.ListMenuItemView: void setTitle(java.lang.CharSequence)
android.support.v7.internal.view.menu.ListMenuItemView: android.support.v7.internal.view.menu.MenuItemImpl getItemData()
android.support.v7.internal.view.menu.ListMenuItemView: void setCheckable(boolean)
android.support.v7.internal.view.menu.ListMenuItemView: void setChecked(boolean)
android.support.v7.internal.view.menu.ListMenuItemView: void setIcon(android.graphics.drawable.Drawable)
android.support.v7.internal.view.menu.ListMenuItemView: android.view.LayoutInflater getInflater()
android.support.v7.internal.view.menu.MenuDialogHelper: void onClick(android.content.DialogInterface,int)
android.support.v7.internal.widget.AbsActionBarView: AbsActionBarView(android.content.Context)
android.support.v7.internal.widget.AbsActionBarView: AbsActionBarView(android.content.Context,android.util.AttributeSet)
android.support.v7.internal.widget.AbsActionBarView: AbsActionBarView(android.content.Context,android.util.AttributeSet,int)
android.support.v7.internal.widget.AbsActionBarView: void setSplitToolbar(boolean)
android.support.v7.internal.widget.AbsActionBarView: void setSplitWhenNarrow(boolean)
android.support.v7.internal.widget.AbsActionBarView: void setContentHeight(int)
android.support.v7.internal.widget.AbsActionBarView: int getContentHeight()
android.support.v7.internal.widget.AbsActionBarView: void setSplitView(android.view.ViewGroup)
android.support.v7.internal.widget.AbsActionBarView: int getAnimatedVisibility()
android.support.v7.internal.widget.AbsSpinnerCompat$SavedState
android.support.v7.internal.widget.AbsSpinnerCompat$SavedState: android.os.Parcelable$Creator CREATOR