proguard_logs/mapping.txt
com.ihongqiqu.Identify.R -> com.ihongqiqu.Identify.R:
com.ihongqiqu.Identify.R$anim -> com.ihongqiqu.Identify.R$anim:
    int abc_fade_in -> abc_fade_in
    int abc_fade_out -> abc_fade_out
    int abc_grow_fade_in_from_bottom -> abc_grow_fade_in_from_bottom
    int abc_popup_enter -> abc_popup_enter
    int abc_popup_exit -> abc_popup_exit
    int abc_shrink_fade_out_from_bottom -> abc_shrink_fade_out_from_bottom
    int abc_slide_in_bottom -> abc_slide_in_bottom
    int abc_slide_in_top -> abc_slide_in_top
    int abc_slide_out_bottom -> abc_slide_out_bottom
    int abc_slide_out_top -> abc_slide_out_top
    int sliding_in_right -> sliding_in_right
    int sliding_out_right -> sliding_out_right
com.ihongqiqu.Identify.R$attr -> com.ihongqiqu.Identify.R$attr:
    int actionBarDivider -> actionBarDivider
    int actionBarItemBackground -> actionBarItemBackground
    int actionBarPopupTheme -> actionBarPopupTheme
    int actionBarSize -> actionBarSize
    int actionBarSplitStyle -> actionBarSplitStyle
    int actionBarStyle -> actionBarStyle
    int actionBarTabBarStyle -> actionBarTabBarStyle
    int actionBarTabStyle -> actionBarTabStyle
    int actionBarTabTextStyle -> actionBarTabTextStyle
    int actionBarTheme -> actionBarTheme
    int actionBarWidgetTheme -> actionBarWidgetTheme
    int actionButtonStyle -> actionButtonStyle
    int actionDropDownStyle -> actionDropDownStyle
    int actionLayout -> actionLayout
    int actionMenuTextAppearance -> actionMenuTextAppearance
    int actionMenuTextColor -> actionMenuTextColor
    int actionModeBackground -> actionModeBackground
    int actionModeCloseButtonStyle -> actionModeCloseButtonStyle
    int actionModeCloseDrawable -> actionModeCloseDrawable
    int actionModeCopyDrawable -> actionModeCopyDrawable
    int actionModeCutDrawable -> actionModeCutDrawable
    int actionModeFindDrawable -> actionModeFindDrawable
    int actionModePasteDrawable -> actionModePasteDrawable
    int actionModePopupWindowStyle -> actionModePopupWindowStyle
    int actionModeSelectAllDrawable -> actionModeSelectAllDrawable
    int actionModeShareDrawable -> actionModeShareDrawable
com.ihongqiqu.Identify.R$bool -> com.ihongqiqu.Identify.R$bool:
    int abc_action_bar_embed_tabs -> abc_action_bar_embed_tabs
    int abc_action_bar_embed_tabs_pre_jb -> abc_action_bar_embed_tabs_pre_jb
    int abc_action_bar_expanded_action_views_exclusive -> abc_action_bar_expanded_action_views_exclusive
    int abc_config_actionMenuItemAllCaps -> abc_config_actionMenuItemAllCaps
    int abc_config_allowActionMenuItemTextWithIcon -> abc_config_allowActionMenuItemTextWithIcon
    int abc_config_closeDialogWhenTouchOutside -> abc_config_closeDialogWhenTouchOutside
    int abc_config_showMenuShortcutsWhenKeyboardPresent -> abc_config_showMenuShortcutsWhenKeyboardPresent
...
com.google.gson.internal.ConstructorConstructor$10 -> com.google.gson.internal.ConstructorConstructor$10:
    com.google.gson.internal.ConstructorConstructor this$0 -> this$0
    java.lang.Object construct() -> construct
com.google.gson.internal.ConstructorConstructor$11 -> com.google.gson.internal.ConstructorConstructor$11:
    com.google.gson.internal.ConstructorConstructor this$0 -> this$0
    java.lang.Object construct() -> construct
com.google.gson.internal.ConstructorConstructor$12 -> com.google.gson.internal.ConstructorConstructor$12:
    com.google.gson.internal.UnsafeAllocator unsafeAllocator -> unsafeAllocator
    java.lang.Class val$rawType -> val$rawType
    java.lang.reflect.Type val$type -> val$type
    com.google.gson.internal.ConstructorConstructor this$0 -> this$0
    java.lang.Object construct() -> construct
com.google.gson.internal.ConstructorConstructor$2 -> com.google.gson.internal.ConstructorConstructor$2:
    com.google.gson.InstanceCreator val$rawTypeCreator -> val$rawTypeCreator
    java.lang.reflect.Type val$type -> val$type
    com.google.gson.internal.ConstructorConstructor this$0 -> this$0
    java.lang.Object construct() -> construct
com.google.gson.internal.ConstructorConstructor$3 -> com.google.gson.internal.ConstructorConstructor$3:
    java.lang.reflect.Constructor val$constructor -> val$constructor
    com.google.gson.internal.ConstructorConstructor this$0 -> this$0
    java.lang.Object construct() -> construct
com.google.gson.internal.ConstructorConstructor$4 -> com.google.gson.internal.ConstructorConstructor$4:
    com.google.gson.internal.ConstructorConstructor this$0 -> this$0
    java.lang.Object construct() -> construct
com.google.gson.internal.ConstructorConstructor$5 -> com.google.gson.internal.ConstructorConstructor$5:
    java.lang.reflect.Type val$type -> val$type
    com.google.gson.internal.ConstructorConstructor this$0 -> this$0
    java.lang.Object construct() -> construct
com.google.gson.internal.ConstructorConstructor$6 -> com.google.gson.internal.ConstructorConstructor$6:
    com.google.gson.internal.ConstructorConstructor this$0 -> this$0
    java.lang.Object construct() -> construct
com.google.gson.internal.ConstructorConstructor$7 -> com.google.gson.internal.ConstructorConstructor$7:
    com.google.gson.internal.ConstructorConstructor this$0 -> this$0
    java.lang.Object construct() -> construct
com.google.gson.internal.ConstructorConstructor$8 -> com.google.gson.internal.ConstructorConstructor$8:
    com.google.gson.internal.ConstructorConstructor this$0 -> this$0
    java.lang.Object construct() -> construct
com.google.gson.internal.ConstructorConstructor$9 -> com.google.gson.internal.ConstructorConstructor$9:
    com.google.gson.internal.ConstructorConstructor this$0 -> this$0
    java.lang.Object construct() -> construct