proguard_logs/usage.txt
com.ihongqiqu.Identify.BuildConfig
com.ihongqiqu.Identify.R:
    10:2733:public R()
com.ihongqiqu.Identify.activity.IpActivity:
    196:210:public static boolean isTopURL(java.lang.String)
com.ihongqiqu.Identify.utils.ChannelUtil:
    private static final java.lang.String CHANNEL_KEY
    private static final java.lang.String CHANNEL_VERSION_KEY
    16:16:public ChannelUtil()
...
android.support.v7.app.ActionBarDrawerToggle$DrawerArrowDrawableToggle
android.support.v7.app.ActionBarDrawerToggle$DrawerToggle
android.support.v7.app.ActionBarDrawerToggle$DummyDelegate
android.support.v7.app.ActionBarDrawerToggle$HoneycombDelegate
android.support.v7.app.ActionBarDrawerToggle$JellybeanMr2Delegate
android.support.v7.app.ActionBarDrawerToggle$ToolbarCompatDelegate
android.support.v7.app.ActionBarDrawerToggleHoneycomb
android.support.v7.app.ActionBarDrawerToggleHoneycomb$SetIndicatorInfo
android.support.v7.app.AlertController:
    287:288:public void setButtonPanelLayoutHint(int)
    380:380:public android.widget.ListView getListView()
    384:392:public android.widget.Button getButton(int)
android.support.v7.app.AlertController$AlertParams:
    public boolean mForceInverseBackground
android.support.v7.app.AlertController$ButtonHandler:
    private static final int MSG_DISMISS_DIALOG
android.support.v7.app.AlertDialog:
    static final int LAYOUT_HINT_NONE
    static final int LAYOUT_HINT_SIDE
    78:79:protected AlertDialog(android.content.Context)
    88:89:protected AlertDialog(android.content.Context,int)
    97:101:protected AlertDialog(android.content.Context,boolean,android.content.DialogInterface$OnCancelListener)
    124:124:public android.widget.Button getButton(int)
    133:133:public android.widget.ListView getListView()
    146:147:public void setCustomTitle(android.view.View)
    150:151:public void setMessage(java.lang.CharSequence)
    157:158:public void setView(android.view.View)
    172:173:public void setView(android.view.View,int,int,int,int)
    181:182:void setButtonPanelLayoutHint(int)
    195:196:public void setButton(int,java.lang.CharSequence,android.os.Message)
    209:210:public void setButton(int,java.lang.CharSequence,android.content.DialogInterface$OnClickListener)
    219:220:public void setIcon(int)
    223:224:public void setIcon(android.graphics.drawable.Drawable)
    232:235:public void setIconAttribute(int)
android.support.v7.app.AlertDialog$Builder:
    304:305:public android.support.v7.app.AlertDialog$Builder setTitle(int)
    339:340:public android.support.v7.app.AlertDialog$Builder setMessage(int)
    361:362:public android.support.v7.app.AlertDialog$Builder setIcon(int)
    385:388:public android.support.v7.app.AlertDialog$Builder setIconAttribute(int)
    399:401:public android.support.v7.app.AlertDialog$Builder setPositiveButton(int,android.content.DialogInterface$OnClickListener)
    425:427:public android.support.v7.app.AlertDialog$Builder setNegativeButton(int,android.content.DialogInterface$OnClickListener)
    451:453:public android.support.v7.app.AlertDialog$Builder setNeutralButton(int,android.content.DialogInterface$OnClickListener)
    464:466:public android.support.v7.app.AlertDialog$Builder setNeutralButton(java.lang.CharSequence,android.content.DialogInterface$OnClickListener)
    475:476:public android.support.v7.app.AlertDialog$Builder setCancelable(boolean)
    494:495:public android.support.v7.app.AlertDialog$Builder setOnCancelListener(android.content.DialogInterface$OnCancelListener)
    504:505:public android.support.v7.app.AlertDialog$Builder setOnDismissListener(android.content.DialogInterface$OnDismissListener)
    526:528:public android.support.v7.app.AlertDialog$Builder setItems(int,android.content.DialogInterface$OnClickListener)
android.support.v7.app.AppCompatActivity:
    183:183:public boolean supportRequestWindowFeature(int)
    232:232:public android.support.v7.view.ActionMode startSupportActionMode(android.support.v7.view.ActionMode$Callback)
    240:240:public void setSupportProgressBarVisibility(boolean)
    247:247:public void setSupportProgressBarIndeterminateVisibility(boolean)
    254:254:public void setSupportProgressBarIndeterminate(boolean)
    261:261:public void setSupportProgress(int)
    421:421:public android.support.v7.app.ActionBarDrawerToggle$Delegate getDrawerToggleDelegate()